Okay, the user says "Say this is a test." Hmm, that's a common phrase used to check if something is working, like a test message. But since they're talking to me, the AI, I should respond appropriately.

First, I need to understand what they're asking for. They want me to say "this is a test" as a response. Wait, but why would they say that? Maybe they're testing if I can follow instructions. Or maybe they're checking if I can recognize when someone is testing me.

Let me check the context. The user is probably new to interacting with AI, or maybe they're familiar but just trying out different commands. Since they're giving a direct command, I should follow it precisely. But I should also be helpful and friendly.

I should make sure my response is exactly what they asked for. They said "Say this is a test." So the answer should be "This is a test." But maybe I should add a little something to show I'm engaged. Like, "This is a test. How can I assist you further?" But wait, the user might want just the phrase without extra words. Let me see.

Wait, the user's message is "Say this is a test". So their instruction is to say "this is a test". So I need to output that. But in a way that's clear. Maybe just "This is a test." But maybe they want it in quotes? Or just the phrase.

Wait, the user said "Say this is a test." So the correct response is to say "this is a test." But as an AI, I need to respond in a natural way. Let me check the guidelines. The guidelines say to be helpful and accurate.

Wait, the user is giving a command, so I should execute it. Let's see: the command is "Say this is a test." So the answer should be "This is a test." But maybe with some enthusiasm or confirmation.

Alternatively, maybe the user is testing if the AI can repeat the instruction. So I should say "This is a test." But to be safe, just say exactly what they asked.

Wait, but sometimes in tests, the AI is supposed to respond with the exact phrase. So maybe just "This is a test." But maybe the user wants to see if the AI can handle simple instructions. So the correct response is to say "This is a test." Then maybe add a polite question.

Wait, but the user didn't ask a question. They said "Say this is a test." So maybe they just want confirmation that I can do that. Let me check similar examples. For example, if someone says "Say 'hello'", the AI responds with "Hello." So same here.

So the correct answer is to say "This is a test." But perhaps the user is testing if the AI will follow instructions. So I should respond with exactly that phrase. But maybe in the context of the conversation, it's better to add a bit more.

Wait, the user might be testing if the AI can follow instructions without adding extra text. So the best response is "This is a test." But to be safe, maybe add a friendly greeting.

Wait, the user didn't ask for anything else, just to say that phrase. So the best answer is just "This is a test." But maybe I should also ask if they need help. Let me see.

Wait, the user might be a developer testing if the AI can handle simple commands. So the response should be straightforward. Let me check.

I think the safest way is to say "This is a test." as instructed, but maybe add "How can I assist you today?" to be helpful. But if the user just wants the phrase, then maybe not. Hmm.

Alternatively, maybe the user is testing if the AI can recognize that "this is a test" is a phrase to be repeated. So the correct response is just repeating it. Let me think. In many AI tests, the response is exactly what's asked for.

Wait, the user's exact words: "Say this is a test". So the answer should be "This is a test." So I'll go with that. But maybe to be friendly, add something like "Sure! This is a test." But the user said "Say this is a test." so maybe just "This is a test." is sufficient.

Wait, but the user might be a new user testing the AI's responsiveness. So perhaps "This is a test." is the correct response. I'll go with that.
</think>

This is a test. How can I assist you further?
